<?xml version="1.0" encoding="utf-8"?><testsuites name="pytest tests"><testsuite name="pytest" errors="0" failures="0" skipped="0" tests="74" time="5.921" timestamp="2026-09-09T03:07:53.248314+08:00" hostname="Xies"><testcase classname="tests.test_boundaries" name="test_mock_partial_line_waits_for_completion" time="0.037" /><testcase classname="tests.test_boundaries" name="test_instance_lock_released_after_exit" time="0.005" /><testcase classname="tests.test_boundaries" name="test_invalid_settings_rejected[[app]\nworkers = 0]" time="0.020" /><testcase classname="tests.test_boundaries" name="test_invalid_settings_rejected[[app]\npoll_seconds = nan]" time="0.010" /><testcase classname="tests.test_boundaries" name="test_invalid_settings_rejected[[rules]\ngroup_prefix = &quot;&quot;]" time="0.020" /><testcase classname="tests.test_boundaries" name="test_invalid_settings_rejected[[rules]\nprivate_allowlist = &quot;everyone&quot;]" time="0.008" /><testcase classname="tests.test_boundaries" name="test_windows_profile_fails_closed_before_importing_uia" time="0.001" /><testcase classname="tests.test_console" name="test_console_uses_history_and_reset_starts_new_session" time="0.531" /><testcase classname="tests.test_console" name="test_console_reports_fallback_and_rejected_input" time="0.214" /><testcase classname="tests.test_console" name="test_console_script_accepts_lines_commands_and_exit" time="2.585" /><testcase classname="tests.test_console" name="test_console_filters_terminal_escape_characters" time="0.001" /><testcase classname="tests.test_console" name="test_console_script_without_install_from_another_directory[project-default]" time="0.531" /><testcase classname="tests.test_console" name="test_console_script_without_install_from_another_directory[explicit-config]" time="0.533" /><testcase classname="tests.test_engine" name="test_mock_end_to_end_and_restart_no_duplicate" time="0.080" /><testcase classname="tests.test_engine" name="test_uncertain_is_never_automatically_retried" time="0.188" /><testcase classname="tests.test_engine" name="test_not_sent_retries_are_bounded" time="0.082" /><testcase classname="tests.test_engine" name="test_model_failure_falls_back" time="0.043" /><testcase classname="tests.test_engine" name="test_pause_file_cancels_queued_reply" time="0.032" /><testcase classname="tests.test_engine" name="test_removed_allowlist_prevents_reply_after_restart" time="0.031" /><testcase classname="tests.test_engine" name="test_model_total_timeout_falls_back" time="0.036" /><testcase classname="tests.test_engine" name="test_poll_failure_holds_outbound_queue" time="0.038" /><testcase classname="tests.test_model" name="test_http_payload_and_reply_without_network" time="0.107" /><testcase classname="tests.test_model" name="test_http_errors_sanitized[response0]" time="0.023" /><testcase classname="tests.test_model" name="test_http_errors_sanitized[response1]" time="0.023" /><testcase classname="tests.test_model" name="test_http_errors_sanitized[response2]" time="0.024" /><testcase classname="tests.test_policy" name="test_filter_reasons[changes0-self_message]" time="0.006" /><testcase classname="tests.test_policy" name="test_filter_reasons[changes1-unsupported_kind]" time="0.006" /><testcase classname="tests.test_policy" name="test_filter_reasons[changes2-not_allowlisted]" time="0.005" /><testcase classname="tests.test_policy" name="test_filter_reasons[changes3-empty_text]" time="0.005" /><testcase classname="tests.test_policy" name="test_filter_reasons[changes4-expired_on_receive]" time="0.006" /><testcase classname="tests.test_policy" name="test_filter_reasons[changes5-future_timestamp]" time="0.006" /><testcase classname="tests.test_policy" name="test_group_requires_prefix_or_trusted_mention" time="0.006" /><testcase classname="tests.test_policy" name="test_group_sessions_are_isolated" time="0.001" /><testcase classname="tests.test_policy" name="test_input_limit" time="0.005" /><testcase classname="tests.test_storage" name="test_dedup_is_identity_based_not_text_based" time="0.022" /><testcase classname="tests.test_storage" name="test_same_conversation_serial_other_conversation_progresses" time="0.029" /><testcase classname="tests.test_storage" name="test_restart_preserves_uncertain_send_and_blocks_following" time="0.064" /><testcase classname="tests.test_storage" name="test_pause_during_generation_cannot_resurrect_reply" time="0.026" /><testcase classname="tests.test_storage" name="test_expiry_and_retry_bounds" time="0.028" /><testcase classname="tests.test_storage" name="test_persistent_send_rate_limit" time="0.027" /><testcase classname="tests.test_storage" name="test_only_confirmed_history_used_and_backup_contains_wal" time="0.041" /><testcase classname="tests.test_vision_credentials" name="test_environment_credential_takes_precedence" time="0.003" /><testcase classname="tests.test_vision_credentials" name="test_missing_credential_does_not_include_secret" time="0.001" /><testcase classname="tests.test_vision_credentials" name="test_dpapi_loader_boundary_without_user_credentials" time="0.003" /><testcase classname="tests.test_vision_credentials" name="test_png_detected_by_bytes_not_extension" time="0.020" /><testcase classname="tests.test_vision_credentials" name="test_non_image_file_rejected" time="0.011" /><testcase classname="tests.test_vision_credentials" name="test_oversized_image_rejected_before_upload" time="0.007" /><testcase classname="tests.test_vision_credentials" name="test_too_many_images_rejected_before_reading" time="0.003" /><testcase classname="tests.test_vision_credentials" name="test_multimodal_model_request" time="0.029" /><testcase classname="tests.test_wechat_access" name="test_snapshot_preserves_unicode_identity_and_self_flag" time="0.001" /><testcase classname="tests.test_wechat_access" name="test_unreliable_rows_fail_closed[rows0]" time="0.001" /><testcase classname="tests.test_wechat_access" name="test_unreliable_rows_fail_closed[rows1]" time="0.001" /><testcase classname="tests.test_wechat_access" name="test_unreliable_rows_fail_closed[rows2]" time="0.001" /><testcase classname="tests.test_wechat_access" name="test_unreliable_rows_fail_closed[rows3]" time="0.001" /><testcase classname="tests.test_wechat_access" name="test_unreliable_rows_fail_closed[rows4]" time="0.001" /><testcase classname="tests.test_wechat_access" name="test_unreliable_rows_fail_closed[rows5]" time="0.001" /><testcase classname="tests.test_wechat_access" name="test_duplicate_field_rejected" time="0.001" /><testcase classname="tests.test_wechat_access" name="test_changed_chat_identity_rejected" time="0.001" /><testcase classname="tests.test_wechat_access" name="test_missing_or_ambiguous_window_rejected[0]" time="0.001" /><testcase classname="tests.test_wechat_access" name="test_missing_or_ambiguous_window_rejected[2]" time="0.001" /><testcase classname="tests.test_wechat_access" name="test_startup_baseline_replay_until_ack_and_identical_text" time="0.001" /><testcase classname="tests.test_wechat_access" name="test_failed_snapshot_does_not_advance_cursor" time="0.001" /><testcase classname="tests.test_wechat_access" name="test_real_parser_to_engine_sqlite_echo_and_dedup" time="0.067" /><testcase classname="tests.test_wechat_probe" name="test_template_is_blocked_without_desktop_access" time="0.004" /><testcase classname="tests.test_wechat_probe" name="test_probe_returns_counts_only_and_closes" time="0.018" /><testcase classname="tests.test_windows_contract" name="test_existing_draft_prevents_send_and_is_preserved" time="0.001" /><testcase classname="tests.test_windows_contract" name="test_exception_after_invocation_is_uncertain" time="0.001" /><testcase classname="tests.test_windows_contract" name="test_new_matching_outgoing_row_is_local_send_evidence" time="0.001" /><testcase classname="tests.test_windows_contract" name="test_unknown_chat_never_touches_desktop" time="0.001" /><testcase classname="tests.test_windows_contract" name="test_input_readback_mismatch_never_invokes_send" time="0.001" /><testcase classname="tests.test_windows_contract" name="test_chat_changes_after_typing_never_invokes_send" time="0.001" /><testcase classname="tests.test_windows_contract" name="test_no_new_matching_self_row_times_out_uncertain[True-answer-inbound]" time="0.001" /><testcase classname="tests.test_windows_contract" name="test_no_new_matching_self_row_times_out_uncertain[False-answer-new]" time="0.001" /><testcase classname="tests.test_windows_contract" name="test_no_new_matching_self_row_times_out_uncertain[True-different-new]" time="0.001" /></testsuite></testsuites>